AndroidStudio/SQLiteSugarORMExample/app/build/intermediates/manifest_merge_blame_file/debug/manifest-merger-blame-debug-report.txt
1<?xml version="1.0" encoding="utf-8"?>
2<manifest xmlns:android="http://schemas.android.com/apk/res/android"
3    package="com.example.sqlite_sugarormexample"
4    android:versionCode="1"
5    android:versionName="1.0" >
6
7    <uses-sdk
8        android:minSdkVersion="24"
9        android:targetSdkVersion="33" />
10
11    <permission
11-->[androidx.core:core:1.9.0] AndroidManifest.xml:22:5-24:47
12        android:name="com.example.sqlite_sugarormexample.DYNAMIC_RECEIVER_NOT_EXPORTED_PERMISSION"
12-->[androidx.core:core:1.9.0] AndroidManifest.xml:23:9-81
13        android:protectionLevel="signature" />
13-->[androidx.core:core:1.9.0] AndroidManifest.xml:24:9-44
14
15    <uses-permission android:name="com.example.sqlite_sugarormexample.DYNAMIC_RECEIVER_NOT_EXPORTED_PERMISSION" />
15-->[androidx.core:core:1.9.0] AndroidManifest.xml:26:5-97
15-->[androidx.core:core:1.9.0] AndroidManifest.xml:26:22-94
16
17    <application
17-->src\main\AndroidManifest.xml:5:5-29:19
18        android:name="com.orm.SugarApp"
18-->src\main\AndroidManifest.xml:6:9-40
19        android:allowBackup="true"
19-->src\main\AndroidManifest.xml:7:9-35
20        android:appComponentFactory="androidx.core.app.CoreComponentFactory"
20-->[androidx.core:core:1.9.0] AndroidManifest.xml:28:18-86
21        android:dataExtractionRules="@xml/data_extraction_rules"
21-->src\main\AndroidManifest.xml:8:9-65
22        android:debuggable="true"
23        android:extractNativeLibs="false"
24        android:fullBackupContent="@xml/backup_rules"
24-->src\main\AndroidManifest.xml:9:9-54
25        android:icon="@mipmap/ic_launcher"
25-->src\main\AndroidManifest.xml:10:9-43
26        android:label="@string/app_name"
26-->src\main\AndroidManifest.xml:11:9-41
27        android:roundIcon="@mipmap/ic_launcher_round"
27-->src\main\AndroidManifest.xml:12:9-54
28        android:supportsRtl="true"
28-->src\main\AndroidManifest.xml:13:9-35
29        android:testOnly="true"
30        android:theme="@style/Theme.SQLiteSugarORMExample" >
30-->src\main\AndroidManifest.xml:14:9-59
31        <meta-data
31-->src\main\AndroidManifest.xml:16:9-81
32            android:name="DATABASE"
32-->src\main\AndroidManifest.xml:16:20-43
33            android:value="nguyenkhanhcode.db" />
33-->src\main\AndroidManifest.xml:16:44-78
34        <meta-data
34-->src\main\AndroidManifest.xml:17:9-63
35            android:name="VERSION"
35-->src\main\AndroidManifest.xml:17:20-42
36            android:value="4" />
36-->src\main\AndroidManifest.xml:17:43-60
37        <meta-data
37-->src\main\AndroidManifest.xml:18:9-68
38            android:name="QUERY_LOG"
38-->src\main\AndroidManifest.xml:18:20-44
39            android:value="true" />
39-->src\main\AndroidManifest.xml:18:45-65
40        <meta-data
40-->src\main\AndroidManifest.xml:19:9-85
41            android:name="DOMAIN_PACKAGE_NAME"
41-->src\main\AndroidManifest.xml:19:20-54
42            android:value="com.example" />
42-->src\main\AndroidManifest.xml:19:55-82
43
44        <activity
44-->src\main\AndroidManifest.xml:20:9-28:20
45            android:name="com.example.sqlite_sugarormexample.MainActivity"
45-->src\main\AndroidManifest.xml:21:13-41
46            android:exported="true" >
46-->src\main\AndroidManifest.xml:22:13-36
47            <intent-filter>
47-->src\main\AndroidManifest.xml:23:13-27:29
48                <action android:name="android.intent.action.MAIN" />
48-->src\main\AndroidManifest.xml:24:17-69
48-->src\main\AndroidManifest.xml:24:25-66
49
50                <category android:name="android.intent.category.LAUNCHER" />
50-->src\main\AndroidManifest.xml:26:17-77
50-->src\main\AndroidManifest.xml:26:27-74
51            </intent-filter>
52        </activity>
53
54        <provider
54-->[androidx.emoji2:emoji2:1.2.0] AndroidManifest.xml:24:9-32:20
55            android:name="androidx.startup.InitializationProvider"
55-->[androidx.emoji2:emoji2:1.2.0] AndroidManifest.xml:25:13-67
56            android:authorities="com.example.sqlite_sugarormexample.androidx-startup"
56-->[androidx.emoji2:emoji2:1.2.0] AndroidManifest.xml:26:13-68
57            android:exported="false" >
57-->[androidx.emoji2:emoji2:1.2.0] AndroidManifest.xml:27:13-37
58            <meta-data
58-->[androidx.emoji2:emoji2:1.2.0] AndroidManifest.xml:29:13-31:52
59                android:name="androidx.emoji2.text.EmojiCompatInitializer"
59-->[androidx.emoji2:emoji2:1.2.0] AndroidManifest.xml:30:17-75
60                android:value="androidx.startup" />
60-->[androidx.emoji2:emoji2:1.2.0] AndroidManifest.xml:31:17-49
61            <meta-data
61-->[androidx.lifecycle:lifecycle-process:2.4.1] AndroidManifest.xml:31:13-33:52
62                android:name="androidx.lifecycle.ProcessLifecycleInitializer"
62-->[androidx.lifecycle:lifecycle-process:2.4.1] AndroidManifest.xml:32:17-78
63                android:value="androidx.startup" />
63-->[androidx.lifecycle:lifecycle-process:2.4.1] AndroidManifest.xml:33:17-49
64        </provider>
65    </application>
66
67</manifest>